<?xml version="1.0" encoding="UTF-8"?>
<!-- Generated by org.testng.reporters.JUnitXMLReporter -->
<testsuite hostname="sameena-pc" ignored="0" name="Command line test" tests="6" failures="0" timestamp="03 Aug 2019 15:24:02 GMT" time="114.402" errors="0">
  <testcase name="homePageNameTest" time="2.63" classname="com.crm.qa.testcases.HomePageTest"/>
  <testcase name="logInPageTitleTest" time="0.583" classname="com.crm.qa.testcases.LoginPageTest"/>
  <testcase name="homePageCalenderEnabled" time="1.113" classname="com.crm.qa.testcases.HomePageTest"/>
  <testcase name="logInPageLoginEnabled" time="0.733" classname="com.crm.qa.testcases.LoginPageTest"/>
  <testcase name="homePageClickContacts" time="7.479" classname="com.crm.qa.testcases.HomePageTest"/>
  <testcase name="logInPageLogin" time="5.092" classname="com.crm.qa.testcases.LoginPageTest"/>
</testsuite> <!-- Command line test -->
