<?xml version="1.0" encoding="UTF-8"?>
<testng-results skipped="0" failed="0" ignored="0" total="6" passed="6">
  <reporter-output>
  </reporter-output>
  <suite name="MavenCRMSuite" duration-ms="142588" started-at="2019-08-03T14:52:55Z" finished-at="2019-08-03T14:55:18Z">
    <groups>
    </groups>
    <test name="MavenCRMTest" duration-ms="142588" started-at="2019-08-03T14:52:55Z" finished-at="2019-08-03T14:55:18Z">
      <class name="com.crm.qa.testcases.HomePageTest">
        <test-method status="PASS" signature="setup()[pri:0, instance:com.crm.qa.testcases.HomePageTest@77cd7a0]" name="setup" is-config="true" duration-ms="23364" started-at="2019-08-03T14:53:36Z" finished-at="2019-08-03T14:53:59Z">
          <reporter-output>
          </reporter-output>
        </test-method> <!-- setup -->
        <test-method status="PASS" signature="homePageNameTest()[pri:1, instance:com.crm.qa.testcases.HomePageTest@77cd7a0]" name="homePageNameTest" duration-ms="2053" started-at="2019-08-03T14:53:59Z" finished-at="2019-08-03T14:54:01Z">
          <reporter-output>
          </reporter-output>
        </test-method> <!-- homePageNameTest -->
        <test-method status="PASS" signature="tearDown()[pri:0, instance:com.crm.qa.testcases.HomePageTest@77cd7a0]" name="tearDown" is-config="true" duration-ms="1561" started-at="2019-08-03T14:54:01Z" finished-at="2019-08-03T14:54:03Z">
          <reporter-output>
          </reporter-output>
        </test-method> <!-- tearDown -->
        <test-method status="PASS" signature="setup()[pri:0, instance:com.crm.qa.testcases.HomePageTest@77cd7a0]" name="setup" is-config="true" duration-ms="12568" started-at="2019-08-03T14:54:17Z" finished-at="2019-08-03T14:54:29Z">
          <reporter-output>
          </reporter-output>
        </test-method> <!-- setup -->
        <test-method status="PASS" signature="homePageCalenderEnabled()[pri:2, instance:com.crm.qa.testcases.HomePageTest@77cd7a0]" name="homePageCalenderEnabled" duration-ms="3497" started-at="2019-08-03T14:54:29Z" finished-at="2019-08-03T14:54:33Z">
          <reporter-output>
          </reporter-output>
        </test-method> <!-- homePageCalenderEnabled -->
        <test-method status="PASS" signature="tearDown()[pri:0, instance:com.crm.qa.testcases.HomePageTest@77cd7a0]" name="tearDown" is-config="true" duration-ms="1188" started-at="2019-08-03T14:54:33Z" finished-at="2019-08-03T14:54:34Z">
          <reporter-output>
          </reporter-output>
        </test-method> <!-- tearDown -->
        <test-method status="PASS" signature="setup()[pri:0, instance:com.crm.qa.testcases.HomePageTest@77cd7a0]" name="setup" is-config="true" duration-ms="16627" started-at="2019-08-03T14:54:50Z" finished-at="2019-08-03T14:55:07Z">
          <reporter-output>
          </reporter-output>
        </test-method> <!-- setup -->
        <test-method status="PASS" signature="homePageClickContacts()[pri:3, instance:com.crm.qa.testcases.HomePageTest@77cd7a0]" name="homePageClickContacts" duration-ms="6696" started-at="2019-08-03T14:55:07Z" finished-at="2019-08-03T14:55:13Z">
          <reporter-output>
          </reporter-output>
        </test-method> <!-- homePageClickContacts -->
        <test-method status="PASS" signature="tearDown()[pri:0, instance:com.crm.qa.testcases.HomePageTest@77cd7a0]" name="tearDown" is-config="true" duration-ms="4695" started-at="2019-08-03T14:55:13Z" finished-at="2019-08-03T14:55:18Z">
          <reporter-output>
          </reporter-output>
        </test-method> <!-- tearDown -->
      </class> <!-- com.crm.qa.testcases.HomePageTest -->
      <class name="com.crm.qa.testcases.LoginPageTest">
        <test-method status="PASS" signature="setup()[pri:0, instance:com.crm.qa.testcases.LoginPageTest@4667ae56]" name="setup" is-config="true" duration-ms="39442" started-at="2019-08-03T14:52:55Z" finished-at="2019-08-03T14:53:35Z">
          <reporter-output>
          </reporter-output>
        </test-method> <!-- setup -->
        <test-method status="PASS" signature="logInPageTitleTest()[pri:1, instance:com.crm.qa.testcases.LoginPageTest@4667ae56]" name="logInPageTitleTest" duration-ms="23" started-at="2019-08-03T14:53:35Z" finished-at="2019-08-03T14:53:35Z">
          <reporter-output>
          </reporter-output>
        </test-method> <!-- logInPageTitleTest -->
        <test-method status="PASS" signature="tearDown()[pri:0, instance:com.crm.qa.testcases.LoginPageTest@4667ae56]" name="tearDown" is-config="true" duration-ms="790" started-at="2019-08-03T14:53:35Z" finished-at="2019-08-03T14:53:36Z">
          <reporter-output>
          </reporter-output>
        </test-method> <!-- tearDown -->
        <test-method status="PASS" signature="setup()[pri:0, instance:com.crm.qa.testcases.LoginPageTest@4667ae56]" name="setup" is-config="true" duration-ms="12723" started-at="2019-08-03T14:54:03Z" finished-at="2019-08-03T14:54:15Z">
          <reporter-output>
          </reporter-output>
        </test-method> <!-- setup -->
        <test-method status="PASS" signature="logInPageLoginEnabled()[pri:2, instance:com.crm.qa.testcases.LoginPageTest@4667ae56]" name="logInPageLoginEnabled" duration-ms="404" started-at="2019-08-03T14:54:15Z" finished-at="2019-08-03T14:54:16Z">
          <reporter-output>
          </reporter-output>
        </test-method> <!-- logInPageLoginEnabled -->
        <test-method status="PASS" signature="tearDown()[pri:0, instance:com.crm.qa.testcases.LoginPageTest@4667ae56]" name="tearDown" is-config="true" duration-ms="961" started-at="2019-08-03T14:54:16Z" finished-at="2019-08-03T14:54:17Z">
          <reporter-output>
          </reporter-output>
        </test-method> <!-- tearDown -->
        <test-method status="PASS" signature="setup()[pri:0, instance:com.crm.qa.testcases.LoginPageTest@4667ae56]" name="setup" is-config="true" duration-ms="8623" started-at="2019-08-03T14:54:34Z" finished-at="2019-08-03T14:54:43Z">
          <reporter-output>
          </reporter-output>
        </test-method> <!-- setup -->
        <test-method status="PASS" signature="logInPageLogin()[pri:3, instance:com.crm.qa.testcases.LoginPageTest@4667ae56]" name="logInPageLogin" duration-ms="5414" started-at="2019-08-03T14:54:43Z" finished-at="2019-08-03T14:54:48Z">
          <reporter-output>
          </reporter-output>
        </test-method> <!-- logInPageLogin -->
        <test-method status="PASS" signature="tearDown()[pri:0, instance:com.crm.qa.testcases.LoginPageTest@4667ae56]" name="tearDown" is-config="true" duration-ms="1895" started-at="2019-08-03T14:54:48Z" finished-at="2019-08-03T14:54:50Z">
          <reporter-output>
          </reporter-output>
        </test-method> <!-- tearDown -->
      </class> <!-- com.crm.qa.testcases.LoginPageTest -->
    </test> <!-- MavenCRMTest -->
  </suite> <!-- MavenCRMSuite -->
</testng-results>
